GNU bash, version 4.2.46(2)-release (x86_64-redhat-linux-gnu)
These shell commands are defined internally.  Type `help' to see this list.
Type `help name' to find out more about the function `name'.
Use `info bash' to find out more about the shell in general.
Use `man -k' or `info' to find out more about commands not in this list.

A star (*) next to a name means that the command is disabled.

 job_spec [&]                            history [-c] [-d offset] [n] or hist>
 (( expression ))                        if COMMANDS; then COMMANDS; [ elif C>
 . filename [arguments]                  jobs [-lnprs] [jobspec ...] or jobs >
 :                                       kill [-s sigspec | -n signum | -sigs>
 [ arg... ]                              let arg [arg ...]
 [[ expression ]]                        local [option] name[=value] ...
 alias [-p] [name[=value] ... ]          logout [n]
 bg [job_spec ...]                       mapfile [-n count] [-O origin] [-s c>
 bind [-lpvsPVS] [-m keymap] [-f filen>  popd [-n] [+N | -N]
 break [n]                               printf [-v var] format [arguments]
 builtin [shell-builtin [arg ...]]       pushd [-n] [+N | -N | dir]
 caller [expr]                           pwd [-LP]
 case WORD in [PATTERN [| PATTERN]...)>  read [-ers] [-a array] [-d delim] [->
 cd [-L|[-P [-e]]] [dir]                 readarray [-n count] [-O origin] [-s>
 command [-pVv] command [arg ...]        readonly [-aAf] [name[=value] ...] o>
 compgen [-abcdefgjksuv] [-o option]  >  return [n]
 complete [-abcdefgjksuv] [-pr] [-DE] >  select NAME [in WORDS ... ;] do COMM>
 compopt [-o|+o option] [-DE] [name ..>  set [-abefhkmnptuvxBCHP] [-o option->
 continue [n]                            shift [n]
 coproc [NAME] command [redirections]    shopt [-pqsu] [-o] [optname ...]
 declare [-aAfFgilrtux] [-p] [name[=va>  source filename [arguments]
 dirs [-clpv] [+N] [-N]                  suspend [-f]
 disown [-h] [-ar] [jobspec ...]         test [expr]
 echo [-neE] [arg ...]                   time [-p] pipeline
 enable [-a] [-dnps] [-f filename] [na>  times
 eval [arg ...]                          trap [-lp] [[arg] signal_spec ...]
 exec [-cl] [-a name] [command [argume>  true
 exit [n]                                type [-afptP] name [name ...]
 export [-fn] [name[=value] ...] or ex>  typeset [-aAfFgilrtux] [-p] name[=va>
 false                                   ulimit [-SHacdefilmnpqrstuvx] [limit>
 fc [-e ename] [-lnr] [first] [last] o>  umask [-p] [-S] [mode]
 fg [job_spec]                           unalias [-a] name [name ...]
 for NAME [in WORDS ... ] ; do COMMAND>  unset [-f] [-v] [name ...]
 for (( exp1; exp2; exp3 )); do COMMAN>  until COMMANDS; do COMMANDS; done
 function name { COMMANDS ; } or name >  variables - Names and meanings of so>
 getopts optstring name [arg]            wait [id]
 hash [-lr] [-p pathname] [-dt] [name >  while COMMANDS; do COMMANDS; done
 help [-dms] [pattern ...]               { COMMANDS ; }

------------------------------------------------------------
Sender: LSF System <lsfadmin@n-62-21-106>
Subject: Job 8143498: <NONAME> in cluster <dcc> Done

Job <NONAME> was submitted from host <n-62-30-3> by user <s174483> in cluster <dcc> at Mon Oct 19 11:57:07 2020
Job was executed on host(s) <n-62-21-106>, in queue <hpc>, as user <s174483> in cluster <dcc> at Mon Oct 19 11:57:08 2020
</zhome/55/f/127565> was used as the home directory.
</zhome/55/f/127565/Desktop/DTU/BSc/BSc_VelocitySpaceUQ/simulation> was used as the working directory.
Started at Mon Oct 19 11:57:08 2020
Terminated at Mon Oct 19 11:57:08 2020
Results reported at Mon Oct 19 11:57:08 2020

Your job looked like:

------------------------------------------------------------
# LSBATCH: User input
help
------------------------------------------------------------

Successfully completed.

Resource usage summary:

    CPU time :                                   0.28 sec.
    Max Memory :                                 -
    Average Memory :                             -
    Total Requested Memory :                     1024.00 MB
    Delta Memory :                               -
    Max Swap :                                   -
    Max Processes :                              -
    Max Threads :                                -
    Run time :                                   100 sec.
    Turnaround time :                            1 sec.

The output (if any) is above this job summary.

